This is pdfTeX, Version 3.14159265-2.6-1.40.20 (TeX Live 2019/W32TeX) (preloaded format=pdflatex 2019.8.7)  7 FEB 2020 10:47
entering extended mode
 restricted \write18 enabled.
 %&-line parsing enabled.
**"Applications of Persistent Homology.tex"
(./Applications of Persistent Homology.tex
LaTeX2e <2018-12-01>
(c:/texlive/2019/texmf-dist/tex/latex/amscls/amsart.cls
Document Class: amsart 2017/10/31 v2.20.4
\linespacing=\dimen102
\normalparindent=\dimen103
\normaltopskip=\skip41
(c:/texlive/2019/texmf-dist/tex/latex/amsmath/amsmath.sty
Package: amsmath 2018/12/01 v2.17b AMS math features
\@mathmargin=\skip42

For additional information on amsmath, use the `?' option.
(c:/texlive/2019/texmf-dist/tex/latex/amsmath/amstext.sty
Package: amstext 2000/06/29 v2.01 AMS text

(c:/texlive/2019/texmf-dist/tex/latex/amsmath/amsgen.sty
File: amsgen.sty 1999/11/30 v2.0 generic functions
\@emptytoks=\toks14
\ex@=\dimen104
))
(c:/texlive/2019/texmf-dist/tex/latex/amsmath/amsbsy.sty
Package: amsbsy 1999/11/29 v1.2d Bold Symbols
\pmbraise@=\dimen105
)
(c:/texlive/2019/texmf-dist/tex/latex/amsmath/amsopn.sty
Package: amsopn 2016/03/08 v2.02 operator names
)
\inf@bad=\count80
LaTeX Info: Redefining \frac on input line 223.
\uproot@=\count81
\leftroot@=\count82
LaTeX Info: Redefining \overline on input line 385.
\classnum@=\count83
\DOTSCASE@=\count84
LaTeX Info: Redefining \ldots on input line 482.
LaTeX Info: Redefining \dots on input line 485.
LaTeX Info: Redefining \cdots on input line 606.
\Mathstrutbox@=\box27
\strutbox@=\box28
\big@size=\dimen106
LaTeX Font Info:    Redeclaring font encoding OML on input line 729.
LaTeX Font Info:    Redeclaring font encoding OMS on input line 730.
\macc@depth=\count85
\c@MaxMatrixCols=\count86
\dotsspace@=\muskip10
\c@parentequation=\count87
\dspbrk@lvl=\count88
\tag@help=\toks15
\row@=\count89
\column@=\count90
\maxfields@=\count91
\andhelp@=\toks16
\eqnshift@=\dimen107
\alignsep@=\dimen108
\tagshift@=\dimen109
\tagwidth@=\dimen110
\totwidth@=\dimen111
\lineht@=\dimen112
\@envbody=\toks17
\multlinegap=\skip43
\multlinetaggap=\skip44
\mathdisplay@stack=\toks18
LaTeX Info: Redefining \[ on input line 2844.
LaTeX Info: Redefining \] on input line 2845.
)
LaTeX Font Info:    Try loading font information for U+msa on input line 398.

(c:/texlive/2019/texmf-dist/tex/latex/amsfonts/umsa.fd
File: umsa.fd 2013/01/14 v3.01 AMS symbols A
)
(c:/texlive/2019/texmf-dist/tex/latex/amsfonts/amsfonts.sty
Package: amsfonts 2013/01/14 v3.01 Basic AMSFonts support
\symAMSa=\mathgroup4
\symAMSb=\mathgroup5
LaTeX Font Info:    Overwriting math alphabet `\mathfrak' in version `bold'
(Font)                  U/euf/m/n --> U/euf/b/n on input line 106.
)
\copyins=\insert199
\abstractbox=\box29
\listisep=\skip45
\c@part=\count92
\c@section=\count93
\c@subsection=\count94
\c@subsubsection=\count95
\c@paragraph=\count96
\c@subparagraph=\count97
\c@figure=\count98
\c@table=\count99
\abovecaptionskip=\skip46
\belowcaptionskip=\skip47
\captionindent=\dimen113
\thm@style=\toks19
\thm@bodyfont=\toks20
\thm@headfont=\toks21
\thm@notefont=\toks22
\thm@headpunct=\toks23
\thm@preskip=\skip48
\thm@postskip=\skip49
\thm@headsep=\skip50
\dth@everypar=\toks24
)
(c:/texlive/2019/texmf-dist/tex/latex/listings/listings.sty
(c:/texlive/2019/texmf-dist/tex/latex/graphics/keyval.sty
Package: keyval 2014/10/28 v1.15 key=value parser (DPC)
\KV@toks@=\toks25
)
\lst@mode=\count100
\lst@gtempboxa=\box30
\lst@token=\toks26
\lst@length=\count101
\lst@currlwidth=\dimen114
\lst@column=\count102
\lst@pos=\count103
\lst@lostspace=\dimen115
\lst@width=\dimen116
\lst@newlines=\count104
\lst@lineno=\count105
\lst@maxwidth=\dimen117

(c:/texlive/2019/texmf-dist/tex/latex/listings/lstmisc.sty
File: lstmisc.sty 2019/02/27 1.8b (Carsten Heinz)
\c@lstnumber=\count106
\lst@skipnumbers=\count107
\lst@framebox=\box31
)
(c:/texlive/2019/texmf-dist/tex/latex/listings/listings.cfg
File: listings.cfg 2019/02/27 1.8b listings configuration
))
Package: listings 2019/02/27 1.8b (Carsten Heinz)

(c:/texlive/2019/texmf-dist/tex/latex/amsmath/amscd.sty
Package: amscd 2017/04/14 v2.1 AMS Commutative Diagrams
\athelp@=\toks27
\minaw@=\dimen118
\bigaw@=\dimen119
\minCDarrowwidth=\dimen120
)
(c:/texlive/2019/texmf-dist/tex/latex/base/inputenc.sty
Package: inputenc 2018/08/11 v1.3c Input encoding file
\inpenc@prehook=\toks28
\inpenc@posthook=\toks29

(c:/texlive/2019/texmf-dist/tex/latex/base/latin2.def
File: latin2.def 2018/08/11 v1.3c Input encoding file
))
(c:/texlive/2019/texmf-dist/tex/latex/base/t1enc.sty
Package: t1enc 1994/06/01 Standard LaTeX package
)
(c:/texlive/2019/texmf-dist/tex/latex/amsfonts/eucal.sty
Package: eucal 2009/06/22 v3.00 Euler Script fonts
LaTeX Font Info:    Overwriting math alphabet `\EuScript' in version `bold'
(Font)                  U/eus/m/n --> U/eus/b/n on input line 33.
)
(c:/texlive/2019/texmf-dist/tex/latex/tools/indentfirst.sty
Package: indentfirst 1995/11/23 v1.03 Indent first paragraph (DPC)
)
(c:/texlive/2019/texmf-dist/tex/latex/graphics/graphicx.sty
Package: graphicx 2017/06/01 v1.1a Enhanced LaTeX Graphics (DPC,SPQR)

(c:/texlive/2019/texmf-dist/tex/latex/graphics/graphics.sty
Package: graphics 2017/06/25 v1.2c Standard LaTeX Graphics (DPC,SPQR)

(c:/texlive/2019/texmf-dist/tex/latex/graphics/trig.sty
Package: trig 2016/01/03 v1.10 sin cos tan (DPC)
)
(c:/texlive/2019/texmf-dist/tex/latex/graphics-cfg/graphics.cfg
File: graphics.cfg 2016/06/04 v1.11 sample graphics configuration
)
Package graphics Info: Driver file: pdftex.def on input line 99.

(c:/texlive/2019/texmf-dist/tex/latex/graphics-def/pdftex.def
File: pdftex.def 2018/01/08 v1.0l Graphics/color driver for pdftex
))
\Gin@req@height=\dimen121
\Gin@req@width=\dimen122
)
(c:/texlive/2019/texmf-dist/tex/latex/pict2e/pict2e.sty
Package: pict2e 2016/02/05 v0.3b Improved picture commands (HjG,RN,JT)

(c:/texlive/2019/texmf-dist/tex/latex/pict2e/pict2e.cfg
File: pict2e.cfg 2016/02/05 v0.1u pict2e configuration for teTeX/TeXLive
)
Package pict2e Info: Driver file: pdftex.def on input line 119.
Package pict2e Info: Driver file for pict2e: p2e-pdftex.def on input line 121.

(c:/texlive/2019/texmf-dist/tex/latex/pict2e/p2e-pdftex.def
File: p2e-pdftex.def 2016/02/05 v0.1u Driver-dependant file (RN,HjG,JT)
)
\pIIe@GRAPH=\toks30
\@arclen=\dimen123
\@arcrad=\dimen124
\@tempdimd=\dimen125
)
(c:/texlive/2019/texmf-dist/tex/latex/eepic/epic.sty
Enhancements to Picture Environment. Version 1.2 - Released June 1, 1986
\@@multicnt=\count108
\d@lta=\count109
\@delta=\dimen126
\@@delta=\dimen127
\@gridcnt=\count110
\@joinkind=\count111
\@dotgap=\dimen128
\@ddotgap=\dimen129
\@x@diff=\count112
\@y@diff=\count113
\x@diff=\dimen130
\y@diff=\dimen131
\@dotbox=\box32
\num@segments=\count114
\num@segmentsi=\count115
\@datafile=\read1
) (c:/texlive/2019/texmf-dist/tex/latex/geometry/geometry.sty
Package: geometry 2018/04/16 v5.8 Page Geometry

(c:/texlive/2019/texmf-dist/tex/generic/oberdiek/ifpdf.sty
Package: ifpdf 2018/09/07 v3.3 Provides the ifpdf switch
)
(c:/texlive/2019/texmf-dist/tex/generic/oberdiek/ifvtex.sty
Package: ifvtex 2016/05/16 v1.6 Detect VTeX and its facilities (HO)
Package ifvtex Info: VTeX not detected.
)
(c:/texlive/2019/texmf-dist/tex/generic/ifxetex/ifxetex.sty
Package: ifxetex 2010/09/12 v0.6 Provides ifxetex conditional
)
\Gm@cnth=\count116
\Gm@cntv=\count117
\c@Gm@tempcnt=\count118
\Gm@bindingoffset=\dimen132
\Gm@wd@mp=\dimen133
\Gm@odd@mp=\dimen134
\Gm@even@mp=\dimen135
\Gm@layoutwidth=\dimen136
\Gm@layoutheight=\dimen137
\Gm@layouthoffset=\dimen138
\Gm@layoutvoffset=\dimen139
\Gm@dimlist=\toks31
)
(c:/texlive/2019/texmf-dist/tex/latex/oberdiek/epstopdf.sty
Package: epstopdf 2016/05/15 v2.6 Conversion with epstopdf on the fly (HO)

(c:/texlive/2019/texmf-dist/tex/latex/oberdiek/epstopdf-base.sty
Package: epstopdf-base 2016/05/15 v2.6 Base part for package epstopdf

(c:/texlive/2019/texmf-dist/tex/generic/oberdiek/infwarerr.sty
Package: infwarerr 2016/05/16 v1.4 Providing info/warning/error messages (HO)
)
(c:/texlive/2019/texmf-dist/tex/latex/oberdiek/grfext.sty
Package: grfext 2016/05/16 v1.2 Manage graphics extensions (HO)

(c:/texlive/2019/texmf-dist/tex/generic/oberdiek/kvdefinekeys.sty
Package: kvdefinekeys 2016/05/16 v1.4 Define keys (HO)

(c:/texlive/2019/texmf-dist/tex/generic/oberdiek/ltxcmds.sty
Package: ltxcmds 2016/05/16 v1.23 LaTeX kernel commands for general use (HO)
)))
(c:/texlive/2019/texmf-dist/tex/latex/oberdiek/kvoptions.sty
Package: kvoptions 2016/05/16 v3.12 Key value format for package options (HO)

(c:/texlive/2019/texmf-dist/tex/generic/oberdiek/kvsetkeys.sty
Package: kvsetkeys 2016/05/16 v1.17 Key value parser (HO)

(c:/texlive/2019/texmf-dist/tex/generic/oberdiek/etexcmds.sty
Package: etexcmds 2016/05/16 v1.6 Avoid name clashes with e-TeX commands (HO)

(c:/texlive/2019/texmf-dist/tex/generic/oberdiek/ifluatex.sty
Package: ifluatex 2016/05/16 v1.4 Provides the ifluatex switch (HO)
Package ifluatex Info: LuaTeX not detected.
))))
(c:/texlive/2019/texmf-dist/tex/generic/oberdiek/pdftexcmds.sty
Package: pdftexcmds 2019/07/25 v0.30 Utility functions of pdfTeX for LuaTeX (HO
)
Package pdftexcmds Info: LuaTeX not detected.
Package pdftexcmds Info: \pdf@primitive is available.
Package pdftexcmds Info: \pdf@ifprimitive is available.
Package pdftexcmds Info: \pdfdraftmode found.
)
Package epstopdf-base Info: Redefining graphics rule for `.eps' on input line 4
38.
Package grfext Info: Graphics extension search list:
(grfext)             [.pdf,.png,.jpg,.mps,.jpeg,.jbig2,.jb2,.PDF,.PNG,.JPG,.JPE
G,.JBIG2,.JB2,.eps]
(grfext)             \AppendGraphicsExtensions on input line 456.

(c:/texlive/2019/texmf-dist/tex/latex/latexconfig/epstopdf-sys.cfg
File: epstopdf-sys.cfg 2010/07/13 v1.3 Configuration of (r)epstopdf for TeX Liv
e
)))
(c:/texlive/2019/texmf-dist/tex/latex/oberdiek/grffile.sty
Package: grffile 2017/06/30 v1.18 Extended file name support for graphics (HO)
Package grffile Info: Option `multidot' is set to `true'.
Package grffile Info: Option `extendedchars' is set to `false'.
Package grffile Info: Option `space' is set to `true'.
Package grffile Info: \Gin@ii of package `graphicx' fixed on input line 494.
)
(c:/texlive/2019/texmf-dist/tex/latex/fancyhdr/fancyhdr.sty
Package: fancyhdr 2019/01/31 v3.10 Extensive control of page headers and footer
s
\f@nch@headwidth=\skip51
\f@nch@O@elh=\skip52
\f@nch@O@erh=\skip53
\f@nch@O@olh=\skip54
\f@nch@O@orh=\skip55
\f@nch@O@elf=\skip56
\f@nch@O@erf=\skip57
\f@nch@O@olf=\skip58
\f@nch@O@orf=\skip59
)
\c@Th=\count119

(./Applications of Persistent Homology.aux)
\openout1 = `"Applications of Persistent Homology.aux"'.

LaTeX Font Info:    Checking defaults for OML/cmm/m/it on input line 111.
LaTeX Font Info:    ... okay on input line 111.
LaTeX Font Info:    Checking defaults for T1/cmr/m/n on input line 111.
LaTeX Font Info:    ... okay on input line 111.
LaTeX Font Info:    Checking defaults for OT1/cmr/m/n on input line 111.
LaTeX Font Info:    ... okay on input line 111.
LaTeX Font Info:    Checking defaults for OMS/cmsy/m/n on input line 111.
LaTeX Font Info:    ... okay on input line 111.
LaTeX Font Info:    Checking defaults for OMX/cmex/m/n on input line 111.
LaTeX Font Info:    ... okay on input line 111.
LaTeX Font Info:    Checking defaults for U/cmr/m/n on input line 111.
LaTeX Font Info:    ... okay on input line 111.
LaTeX Font Info:    Try loading font information for U+msa on input line 111.

(c:/texlive/2019/texmf-dist/tex/latex/amsfonts/umsa.fd
File: umsa.fd 2013/01/14 v3.01 AMS symbols A
)
LaTeX Font Info:    Try loading font information for U+msb on input line 111.

(c:/texlive/2019/texmf-dist/tex/latex/amsfonts/umsb.fd
File: umsb.fd 2013/01/14 v3.01 AMS symbols B
)
\c@lstlisting=\count120

(c:/texlive/2019/texmf-dist/tex/context/base/mkii/supp-pdf.mkii
[Loading MPS to PDF converter (version 2006.09.02).]
\scratchcounter=\count121
\scratchdimen=\dimen140
\scratchbox=\box33
\nofMPsegments=\count122
\nofMParguments=\count123
\everyMPshowfont=\toks32
\MPscratchCnt=\count124
\MPscratchDim=\dimen141
\MPnumerator=\count125
\makeMPintoPDFobject=\count126
\everyMPtoPDFconversion=\toks33
)
*geometry* driver: auto-detecting
*geometry* detected driver: pdftex
*geometry* verbose mode - [ preamble ] result:
* driver: pdftex
* paper: a4paper
* layout: <same size as paper>
* layoutoffset:(h,v)=(0.0pt,0.0pt)
* modes: twoside 
* h-part:(L,W,R)=(82.51282pt, 432.48224pt, 82.51282pt)
* v-part:(T,H,B)=(82.51282pt, 680.02121pt, 82.51282pt)
* \paperwidth=597.50787pt
* \paperheight=845.04684pt
* \textwidth=432.48224pt
* \textheight=680.02121pt
* \oddsidemargin=10.24283pt
* \evensidemargin=10.24283pt
* \topmargin=-11.75717pt
* \headheight=8.0pt
* \headsep=14.0pt
* \topskip=10.0pt
* \footskip=12.0pt
* \marginparwidth=90.0pt
* \marginparsep=11.0pt
* \columnsep=10.0pt
* \skip\footins=7.0pt plus 11.0pt
* \hoffset=0.0pt
* \voffset=0.0pt
* \mag=1000
* \@twocolumnfalse
* \@twosidetrue
* \@mparswitchtrue
* \@reversemarginfalse
* (1in=72.27pt=25.4mm, 1cm=28.453pt)

[1{c:/texlive/2019/texmf-var/fonts/map/pdftex/updmap/pdftex.map}]

Package Fancyhdr Warning: \headheight is too small (8.0pt): 
Make it at least 14.0pt.
We now make it that large for the rest of the document.
This may cause the page layout to be inconsistent, however.

[2]
<ExampleFiltration.jpg, id=27, 303.65546pt x 217.41731pt>
File: ExampleFiltration.jpg Graphic file (type jpg)
<use ExampleFiltration.jpg>
Package pdftex.def Info: ExampleFiltration.jpg  used on input line 193.
(pdftex.def)             Requested size: 242.92468pt x 173.93407pt.
 [3 <./ExampleFiltration.jpg>]
<BridgesDistinguished.jpg, id=31, 867.24pt x 380.622pt>
File: BridgesDistinguished.jpg Graphic file (type jpg)
<use BridgesDistinguished.jpg>
Package pdftex.def Info: BridgesDistinguished.jpg  used on input line 218.
(pdftex.def)             Requested size: 433.61894pt x 190.31052pt.

Overfull \hbox (1.1367pt too wide) in paragraph at lines 218--219
 [][] 
 []

[4 <./BridgesDistinguished.jpg>]
<NeighbourhoodTest.jpg, id=37, 439.6425pt x 322.95656pt>
File: NeighbourhoodTest.jpg Graphic file (type jpg)
<use NeighbourhoodTest.jpg>
Package pdftex.def Info: NeighbourhoodTest.jpg  used on input line 235.
(pdftex.def)             Requested size: 351.71446pt x 258.36559pt.
 [5 <./NeighbourhoodTest.jpg>]
<AnnulusTest.jpg, id=41, 324.46219pt x 230.36063pt>
File: AnnulusTest.jpg Graphic file (type jpg)
<use AnnulusTest.jpg>
Package pdftex.def Info: AnnulusTest.jpg  used on input line 248.
(pdftex.def)             Requested size: 324.46138pt x 230.36005pt.
<ColumnPlots.jpg, id=42, 738.1176pt x 227.8914pt>
File: ColumnPlots.jpg Graphic file (type jpg)
<use ColumnPlots.jpg>
Package pdftex.def Info: ColumnPlots.jpg  used on input line 259.
(pdftex.def)             Requested size: 479.77075pt x 148.12764pt.

Overfull \hbox (47.28851pt too wide) in paragraph at lines 259--260
 [][] 
 []


LaTeX Warning: `h' float specifier changed to `ht'.

[6 <./AnnulusTest.jpg>]
<InitialClusterPoints.jpg, id=46, 794.4882pt x 391.7034pt>
File: InitialClusterPoints.jpg Graphic file (type jpg)
<use InitialClusterPoints.jpg>
Package pdftex.def Info: InitialClusterPoints.jpg  used on input line 278.
(pdftex.def)             Requested size: 436.96986pt x 215.43753pt.

Overfull \hbox (4.48763pt too wide) in paragraph at lines 278--279
 [][] 
 []


LaTeX Warning: `h' float specifier changed to `ht'.

[7 <./ColumnPlots.jpg>]
<Multiclusters.jpg, id=52, 929.874pt x 223.5552pt>
File: Multiclusters.jpg Graphic file (type jpg)
<use Multiclusters.jpg>
Package pdftex.def Info: Multiclusters.jpg  used on input line 305.
(pdftex.def)             Requested size: 418.43942pt x 100.59889pt.
 [8 <./InitialClusterPoints.jpg>]
<UpperBound.jpg, id=56, 593.0958pt x 489.027pt>
File: UpperBound.jpg Graphic file (type jpg)
<use UpperBound.jpg>
Package pdftex.def Info: UpperBound.jpg  used on input line 318.
(pdftex.def)             Requested size: 355.86021pt x 293.41846pt.


LaTeX Warning: `h' float specifier changed to `ht'.

[9 <./Multiclusters.jpg>]
<IdealBridges.jpg, id=60, 285.43614pt x 210.12958pt>
File: IdealBridges.jpg Graphic file (type jpg)
<use IdealBridges.jpg>
Package pdftex.def Info: IdealBridges.jpg  used on input line 333.
(pdftex.def)             Requested size: 228.34921pt x 168.10388pt.


LaTeX Warning: `h' float specifier changed to `ht'.

[10 <./UpperBound.jpg>] [11 <./IdealBridges.jpg>]
<FiedlerClusterPoints.jpg, id=69, 787.743pt x 364.2408pt>
File: FiedlerClusterPoints.jpg Graphic file (type jpg)
<use FiedlerClusterPoints.jpg>
Package pdftex.def Info: FiedlerClusterPoints.jpg  used on input line 379.
(pdftex.def)             Requested size: 433.25998pt x 200.33305pt.


LaTeX Warning: `h' float specifier changed to `ht'.

[12] [13 <./FiedlerClusterPoints.jpg>] [14]
Underfull \hbox (badness 6348) in paragraph at lines 409--410
[]\T1/cmr/m/n/10 A. Hatcher (2002). \T1/cmr/m/it/10 Al-ge-braic Topol-ogy\T1/cm
r/m/n/10 . Cam-bridge Uni-ver-sity Press. Avail-able at
 []


Underfull \hbox (badness 10000) in paragraph at lines 413--414
[]\T1/cmr/m/n/10 B. Slininger. \T1/cmr/m/it/10 Fiedler's The-ory of Spec-tral G
raph Par-ti-tion-ing\T1/cmr/m/n/10 . Avail-able at
 []


Overfull \hbox (46.12727pt too wide) in paragraph at lines 413--414
\T1/cmr/bx/n/10 http://citeseerx.ist.psu.edu/viewdoc/download?doi=10.1.1.592.17
30&rep=rep1&type=pdf\T1/cmr/m/n/10 . 
 []


Underfull \hbox (badness 10000) in paragraph at lines 415--416
[]\T1/cmr/m/n/10 D. Spi-vak (2009). \T1/cmr/m/it/10 Higher-dimensional mod-els 
of net-works\T1/cmr/m/n/10 . Avail-able at
 []


Underfull \hbox (badness 10000) in paragraph at lines 417--418
[]\T1/cmr/m/n/10 S. Bha-tia, B. Chat-ter-jee, D. Nathani, M. Kaul (2018). \T1/c
mr/m/it/10 Un-der-stand-ing and
 []


Underfull \hbox (badness 10000) in paragraph at lines 417--418
\T1/cmr/m/it/10 Pre-dict-ing Links in Graphs: A Per-sis-tent Ho-mol-ogy Per-spe
c-tive\T1/cmr/m/n/10 . Avail-able at
 []


Underfull \hbox (badness 2644) in paragraph at lines 419--420
[]\T1/cmr/m/n/10 D. Yan, L. Huang, M. Jor-dan. \T1/cmr/m/it/10 Fast Ap-prox-i-m
ate Spec-tral Clus-ter-ing\T1/cmr/m/n/10 . Avail-able at
 []

[15] (./Applications of Persistent Homology.aux) ) 
Here is how much of TeX's memory you used:
 5092 strings out of 492609
 69076 string characters out of 6132819
 154253 words of memory out of 5000000
 8757 multiletter control sequences out of 15000+600000
 20327 words of font info for 58 fonts, out of 8000000 for 9000
 1302 hyphenation exceptions out of 8191
 42i,10n,43p,1438b,256s stack positions out of 5000i,500n,10000p,200000b,80000s
{c:/texlive/2019/texmf-dist/f
onts/enc/dvips/cm-super/cm-super-t1.enc}<c:/texlive/2019/texmf-dist/fonts/type1
/public/amsfonts/cm/cmex10.pfb><c:/texlive/2019/texmf-dist/fonts/type1/public/a
msfonts/cmextra/cmex8.pfb><c:/texlive/2019/texmf-dist/fonts/type1/public/amsfon
ts/cm/cmmi10.pfb><c:/texlive/2019/texmf-dist/fonts/type1/public/amsfonts/cm/cmm
i12.pfb><c:/texlive/2019/texmf-dist/fonts/type1/public/amsfonts/cm/cmmi6.pfb><c
:/texlive/2019/texmf-dist/fonts/type1/public/amsfonts/cm/cmmi8.pfb><c:/texlive/
2019/texmf-dist/fonts/type1/public/amsfonts/cm/cmr10.pfb><c:/texlive/2019/texmf
-dist/fonts/type1/public/amsfonts/cm/cmr12.pfb><c:/texlive/2019/texmf-dist/font
s/type1/public/amsfonts/cm/cmr8.pfb><c:/texlive/2019/texmf-dist/fonts/type1/pub
lic/amsfonts/cm/cmsy10.pfb><c:/texlive/2019/texmf-dist/fonts/type1/public/amsfo
nts/cm/cmsy8.pfb><c:/texlive/2019/texmf-dist/fonts/type1/public/amsfonts/symbol
s/msbm10.pfb><c:/texlive/2019/texmf-dist/fonts/type1/public/cm-super/sfbx1000.p
fb><c:/texlive/2019/texmf-dist/fonts/type1/public/cm-super/sfbx1095.pfb><c:/tex
live/2019/texmf-dist/fonts/type1/public/cm-super/sfbx1200.pfb><c:/texlive/2019/
texmf-dist/fonts/type1/public/cm-super/sfcc1000.pfb><c:/texlive/2019/texmf-dist
/fonts/type1/public/cm-super/sfcc1095.pfb><c:/texlive/2019/texmf-dist/fonts/typ
e1/public/cm-super/sfcc1200.pfb><c:/texlive/2019/texmf-dist/fonts/type1/public/
cm-super/sfrm0900.pfb><c:/texlive/2019/texmf-dist/fonts/type1/public/cm-super/s
frm1000.pfb><c:/texlive/2019/texmf-dist/fonts/type1/public/cm-super/sfrm1095.pf
b><c:/texlive/2019/texmf-dist/fonts/type1/public/cm-super/sfrm1200.pfb><c:/texl
ive/2019/texmf-dist/fonts/type1/public/cm-super/sfti1000.pfb><c:/texlive/2019/t
exmf-dist/fonts/type1/public/cm-super/sfti1095.pfb>
Output written on "Applications of Persistent Homology.pdf" (15 pages, 2527978 
bytes).
PDF statistics:
 164 PDF objects out of 1000 (max. 8388607)
 109 compressed objects within 2 object streams
 0 named destinations out of 1000 (max. 500000)
 51 words of extra memory for PDF output out of 10000 (max. 10000000)

